Logging initialized. Log file: logs/training_20241003_020407.log
Using device: cpu
Loading trained model...
Loaded pre-trained model from epoch 300 with loss 1.3981533074724501
Composer initialized with vocab_size=382, d_model=256, n_head=8, dim_ff=512, num_layers=6
Generating token number 1
Generating token number 2
Generating token number 3
Generating token number 4
Generating token number 5
Generating token number 6
Generating token number 7
Generating token number 8
Generating token number 9
Generating token number 10
Generating token number 11
Generating token number 12
Generating token number 13
Generating token number 14
Generating token number 15
Generating token number 16
Generating token number 17
Generating token number 18
Generating token number 19
Generating token number 20
Generating token number 21
Generating token number 22
Generating token number 23
Generating token number 24
Generating token number 25
Generating token number 26
Generating token number 27
Generating token number 28
Generating token number 29
Generating token number 30
Generating token number 31
Generating token number 32
Generating token number 33
Generating token number 34
Generating token number 35
Generating token number 36
Generating token number 37
Generating token number 38
Generating token number 39
Generating token number 40
Generating token number 41
Generating token number 42
Generating token number 43
Generating token number 44
Generating token number 45
Generating token number 46
Generating token number 47
Generating token number 48
Generating token number 49
Generating token number 50
Generating token number 51
Generating token number 52
Generating token number 53
Generating token number 54
Generating token number 55
Generating token number 56
Generating token number 57
Generating token number 58
Generating token number 59
Generating token number 60
Generating token number 61
Generating token number 62
Generating token number 63
Generating token number 64
Generating token number 65
Generating token number 66
Generating token number 67
Generating token number 68
Generating token number 69
Generating token number 70
Generating token number 71
Generating token number 72
Generating token number 73
Generating token number 74
Generating token number 75
Generating token number 76
Generating token number 77
Generating token number 78
Generating token number 79
Generating token number 80
Generating token number 81
Generating token number 82
Generating token number 83
Generating token number 84
Generating token number 85
Generating token number 86
Generating token number 87
Generating token number 88
Generating token number 89
Generating token number 90
Generating token number 91
Generating token number 92
Generating token number 93
Generating token number 94
Generating token number 95
Generating token number 96
Generating token number 97
Generating token number 98
Generating token number 99
Generating token number 100
Generating token number 101
Generating token number 102
Generating token number 103
Generating token number 104
Generating token number 105
Generating token number 106
Generating token number 107
Generating token number 108
Generating token number 109
Generating token number 110
Generating token number 111
Generating token number 112
Generating token number 113
Generating token number 114
Generating token number 115
Generating token number 116
Generating token number 117
Generating token number 118
Generating token number 119
Generating token number 120
Generating token number 121
Generating token number 122
Generating token number 123
Generating token number 124
Generating token number 125
Generating token number 126
Generating token number 127
Generating token number 128
Generating token number 129
Generating token number 130
Generating token number 131
Generating token number 132
Generating token number 133
Generating token number 134
Generating token number 135
Generating token number 136
Generating token number 137
Generating token number 138
Generating token number 139
Generating token number 140
Generating token number 141
Generating token number 142
Generating token number 143
Generating token number 144
Generating token number 145
Generating token number 146
Generating token number 147
Generating token number 148
Generating token number 149
Generating token number 150
Generating token number 151
Generating token number 152
Generating token number 153
Generating token number 154
Generating token number 155
Generating token number 156
Generating token number 157
Generating token number 158
Generating token number 159
Generating token number 160
Generating token number 161
Generating token number 162
Generating token number 163
Generating token number 164
Generating token number 165
Generating token number 166
Generating token number 167
Generating token number 168
Generating token number 169
Generating token number 170
Generating token number 171
Generating token number 172
Generating token number 173
Generating token number 174
Generating token number 175
Generating token number 176
Generating token number 177
Generating token number 178
Generating token number 179
Generating token number 180
Generating token number 181
Generating token number 182
Generating token number 183
Generating token number 184
Generating token number 185
Generating token number 186
Generating token number 187
Generating token number 188
Generating token number 189
Generating token number 190
Generating token number 191
Generating token number 192
Generating token number 193
Generating token number 194
Generating token number 195
Generating token number 196
Generating token number 197
Generating token number 198
Generating token number 199
Generating token number 200
Generating token number 201
Generating token number 202
Generating token number 203
Generating token number 204
Generating token number 205
Generating token number 206
Generating token number 207
Generating token number 208
Generating token number 209
Generating token number 210
Generating token number 211
Generating token number 212
Generating token number 213
Generating token number 214
Generating token number 215
Generating token number 216
Generating token number 217
Generating token number 218
Generating token number 219
Generating token number 220
Generating token number 221
Generating token number 222
Generating token number 223
Generating token number 224
Generating token number 225
Generating token number 226
Generating token number 227
Generating token number 228
Generating token number 229
Generating token number 230
Generating token number 231
Generating token number 232
Generating token number 233
Generating token number 234
Generating token number 235
Generating token number 236
Generating token number 237
Generating token number 238
Generating token number 239
Generating token number 240
Generating token number 241
Generating token number 242
Generating token number 243
Generating token number 244
Generating token number 245
Generating token number 246
Generating token number 247
Generating token number 248
Generating token number 249
Generating token number 250
Generating token number 251
Generating token number 252
Generating token number 253
Generating token number 254
Generating token number 255
Generating token number 256
Generating token number 257
Generating token number 258
Generating token number 259
Generating token number 260
Generating token number 261
Generating token number 262
Generating token number 263
Generating token number 264
Generating token number 265
Generating token number 266
Generating token number 267
Generating token number 268
Generating token number 269
Generating token number 270
Generating token number 271
Generating token number 272
Generating token number 273
Generating token number 274
Generating token number 275
Generating token number 276
Generating token number 277
Generating token number 278
Generating token number 279
Generating token number 280
Generating token number 281
Generating token number 282
Generating token number 283
Generating token number 284
Generating token number 285
Generating token number 286
Generating token number 287
Generating token number 288
Generating token number 289
Generating token number 290
Generating token number 291
Generating token number 292
Generating token number 293
Generating token number 294
Generating token number 295
Generating token number 296
Generating token number 297
Generating token number 298
Generating token number 299
Generating token number 300
Generating token number 301
Generating token number 302
Generating token number 303
Generating token number 304
Generating token number 305
Generating token number 306
Generating token number 307
Generating token number 308
Generating token number 309
Generating token number 310
Generating token number 311
Generating token number 312
Generating token number 313
Generating token number 314
Generating token number 315
Generating token number 316
Generating token number 317
Generating token number 318
Generating token number 319
Generating token number 320
Generating token number 321
Generating token number 322
Generating token number 323
Generating token number 324
Generating token number 325
Generating token number 326
Generating token number 327
Generating token number 328
Generating token number 329
Generating token number 330
Generating token number 331
Generating token number 332
Generating token number 333
Generating token number 334
Generating token number 335
Generating token number 336
Generating token number 337
Generating token number 338
Generating token number 339
Generating token number 340
Generating token number 341
Generating token number 342
Generating token number 343
Generating token number 344
Generating token number 345
Generating token number 346
Generating token number 347
Generating token number 348
Generating token number 349
Generating token number 350
Generating token number 351
Generating token number 352
Generating token number 353
Generating token number 354
Generating token number 355
Generating token number 356
Generating token number 357
Generating token number 358
Generating token number 359
Generating token number 360
Generating token number 361
Generating token number 362
Generating token number 363
Generating token number 364
Generating token number 365
Generating token number 366
Generating token number 367
Generating token number 368
Generating token number 369
Generating token number 370
Generating token number 371
Generating token number 372
Generating token number 373
Generating token number 374
Generating token number 375
Generating token number 376
Generating token number 377
Generating token number 378
Generating token number 379
Generating token number 380
Generating token number 381
Generating token number 382
Generating token number 383
Generating token number 384
Generating token number 385
Generating token number 386
Generating token number 387
Generating token number 388
Generating token number 389
Generating token number 390
Generating token number 391
Generating token number 392
Generating token number 393
Generating token number 394
Generating token number 395
Generating token number 396
Generating token number 397
Generating token number 398
Generating token number 399
Generating token number 400
Generating token number 401
Generating token number 402
Generating token number 403
Generating token number 404
Generating token number 405
Generating token number 406
Generating token number 407
Generating token number 408
Generating token number 409
Generating token number 410
Generating token number 411
Generating token number 412
Generating token number 413
Generating token number 414
Generating token number 415
Generating token number 416
Generating token number 417
Generating token number 418
Generating token number 419
Generating token number 420
Generating token number 421
Generating token number 422
Generating token number 423
Generating token number 424
Generating token number 425
Generating token number 426
Generating token number 427
Generating token number 428
Generating token number 429
Generating token number 430
Generating token number 431
Generating token number 432
Generating token number 433
Generating token number 434
Generating token number 435
Generating token number 436
Generating token number 437
Generating token number 438
Generating token number 439
Generating token number 440
Generating token number 441
Generating token number 442
Generating token number 443
Generating token number 444
Generating token number 445
Generating token number 446
Generating token number 447
Generating token number 448
Generating token number 449
Generating token number 450
Generating token number 451
Generating token number 452
Generating token number 453
Generating token number 454
Generating token number 455
Generating token number 456
Generating token number 457
Generating token number 458
Generating token number 459
Generating token number 460
Generating token number 461
Generating token number 462
Generating token number 463
Generating token number 464
Generating token number 465
Generating token number 466
Generating token number 467
Generating token number 468
Generating token number 469
Generating token number 470
Generating token number 471
Generating token number 472
Generating token number 473
Generating token number 474
Generating token number 475
Generating token number 476
Generating token number 477
Generating token number 478
Generating token number 479
Generating token number 480
Generating token number 481
Generating token number 482
Generating token number 483
Generating token number 484
Generating token number 485
Generating token number 486
Generating token number 487
Generating token number 488
Generating token number 489
Generating token number 490
Generating token number 491
Generating token number 492
Generating token number 493
Generating token number 494
Generating token number 495
Generating token number 496
Generating token number 497
Generating token number 498
Generating token number 499
Generating token number 500
Generating token number 501
Generating token number 502
Generating token number 503
Generating token number 504
Generating token number 505
Generating token number 506
Generating token number 507
Generating token number 508
Generating token number 509
Generating token number 510
Generating token number 511
Generating token number 512
Generating token number 513
Generating token number 514
Generating token number 515
Generating token number 516
Generating token number 517
Generating token number 518
Generating token number 519
Generating token number 520
Generating token number 521
Generating token number 522
Generating token number 523
Generating token number 524
Generating token number 525
Generating token number 526
Generating token number 527
Generating token number 528
Generating token number 529
Generating token number 530
Generating token number 531
Generating token number 532
Generating token number 533
Generating token number 534
Generating token number 535
Generating token number 536
Generating token number 537
Generating token number 538
Generating token number 539
Generating token number 540
Generating token number 541
Generating token number 542
Generating token number 543
Generating token number 544
Generating token number 545
Generating token number 546
Generating token number 547
Generating token number 548
Generating token number 549
Generating token number 550
Generating token number 551
Generating token number 552
Generating token number 553
Generating token number 554
Generating token number 555
Generating token number 556
Generating token number 557
Generating token number 558
Generating token number 559
Generating token number 560
Generating token number 561
Generating token number 562
Generating token number 563
Generating token number 564
Generating token number 565
Generating token number 566
Generating token number 567
Generating token number 568
Generating token number 569
Generating token number 570
Generating token number 571
Generating token number 572
Generating token number 573
Generating token number 574
Generating token number 575
Generating token number 576
Generating token number 577
Generating token number 578
Generating token number 579
Generating token number 580
Generating token number 581
Generating token number 582
Generating token number 583
Generating token number 584
Generating token number 585
Generating token number 586
Generating token number 587
Generating token number 588
Generating token number 589
Generating token number 590
Generating token number 591
Generating token number 592
Generating token number 593
Generating token number 594
Generating token number 595
Generating token number 596
Generating token number 597
Generating token number 598
Generating token number 599
Generating token number 600
Generating token number 601
Generating token number 602
Generating token number 603
Generating token number 604
Generating token number 605
Generating token number 606
Generating token number 607
Generating token number 608
Generating token number 609
Generating token number 610
Generating token number 611
Generating token number 612
Generating token number 613
Generating token number 614
Generating token number 615
Generating token number 616
Generating token number 617
Generating token number 618
Generating token number 619
Generating token number 620
Generating token number 621
Generating token number 622
Generating token number 623
Generating token number 624
Generating token number 625
Generating token number 626
Generating token number 627
Generating token number 628
Generating token number 629
Generating token number 630
Generating token number 631
Generating token number 632
Generating token number 633
Generating token number 634
Generating token number 635
Generating token number 636
Generating token number 637
Generating token number 638
Generating token number 639
Generating token number 640
Generating token number 641
Generating token number 642
Generating token number 643
Generating token number 644
Generating token number 645
Generating token number 646
Generating token number 647
Generating token number 648
Generating token number 649
Generating token number 650
Generating token number 651
Generating token number 652
Generating token number 653
Generating token number 654
Generating token number 655
Generating token number 656
Generating token number 657
Generating token number 658
Generating token number 659
Generating token number 660
Generating token number 661
Generating token number 662
Generating token number 663
Generating token number 664
Generating token number 665
Generating token number 666
Generating token number 667
Generating token number 668
Generating token number 669
Generating token number 670
Generating token number 671
Generating token number 672
Generating token number 673
Generating token number 674
Generating token number 675
Generating token number 676
Generating token number 677
Generating token number 678
Generating token number 679
Generating token number 680
Generating token number 681
Generating token number 682
Generating token number 683
Generating token number 684
Generating token number 685
Generating token number 686
Generating token number 687
Generating token number 688
Generating token number 689
Generating token number 690
Generating token number 691
Generating token number 692
Generating token number 693
Generating token number 694
Generating token number 695
Generating token number 696
Generating token number 697
Generating token number 698
Generating token number 699
Generating token number 700
Generating token number 701
Generating token number 702
Generating token number 703
Generating token number 704
Generating token number 705
Generating token number 706
Generating token number 707
Generating token number 708
Generating token number 709
Generating token number 710
Generating token number 711
Generating token number 712
Generating token number 713
Generating token number 714
Generating token number 715
Generating token number 716
Generating token number 717
Generating token number 718
Generating token number 719
Generating token number 720
Generating token number 721
Generating token number 722
Generating token number 723
Generating token number 724
Generating token number 725
Generating token number 726
Generating token number 727
Generating token number 728
Generating token number 729
Generating token number 730
Generating token number 731
Generating token number 732
Generating token number 733
Generating token number 734
Generating token number 735
Generating token number 736
Generating token number 737
Generating token number 738
Generating token number 739
Generating token number 740
Generating token number 741
Generating token number 742
Generating token number 743
Generating token number 744
Generating token number 745
Generating token number 746
Generating token number 747
Generating token number 748
Generating token number 749
Generating token number 750
Generating token number 751
Generating token number 752
Generating token number 753
Generating token number 754
Generating token number 755
Generating token number 756
Generating token number 757
Generating token number 758
Generating token number 759
Generating token number 760
Generating token number 761
Generating token number 762
Generating token number 763
Generating token number 764
Generating token number 765
Generating token number 766
Generating token number 767
Generating token number 768
Generating token number 769
Generating token number 770
Generating token number 771
Generating token number 772
Generating token number 773
Generating token number 774
Generating token number 775
Generating token number 776
Generating token number 777
Generating token number 778
Generating token number 779
Generating token number 780
Generating token number 781
Generating token number 782
Generating token number 783
Generating token number 784
Generating token number 785
Generating token number 786
Generating token number 787
Generating token number 788
Generating token number 789
Generating token number 790
Generating token number 791
Generating token number 792
Generating token number 793
Generating token number 794
Generating token number 795
Generating token number 796
Generating token number 797
Generating token number 798
Generating token number 799
Generating token number 800
Generating token number 801
Generating token number 802
Generating token number 803
Generating token number 804
Generating token number 805
Generating token number 806
Generating token number 807
Generating token number 808
Generating token number 809
Generating token number 810
Generating token number 811
Generating token number 812
Generating token number 813
Generating token number 814
Generating token number 815
Generating token number 816
Generating token number 817
Generating token number 818
Generating token number 819
Generating token number 820
Generating token number 821
Generating token number 822
Generating token number 823
Generating token number 824
Generating token number 825
Generating token number 826
Generating token number 827
Generating token number 828
Generating token number 829
Generating token number 830
Generating token number 831
Generating token number 832
Generating token number 833
Generating token number 834
Generating token number 835
Generating token number 836
Generating token number 837
Generating token number 838
Generating token number 839
Generating token number 840
Generating token number 841
Generating token number 842
Generating token number 843
Generating token number 844
Generating token number 845
Generating token number 846
Generating token number 847
Generating token number 848
Generating token number 849
Generating token number 850
Generating token number 851
Generating token number 852
Generating token number 853
Generating token number 854
Generating token number 855
Generating token number 856
Generating token number 857
Generating token number 858
Generating token number 859
Generating token number 860
Generating token number 861
Generating token number 862
Generating token number 863
Generating token number 864
Generating token number 865
Generating token number 866
Generating token number 867
Generating token number 868
Generating token number 869
Generating token number 870
Generating token number 871
Generating token number 872
Generating token number 873
Generating token number 874
Generating token number 875
Generating token number 876
Generating token number 877
Generating token number 878
Generating token number 879
Generating token number 880
Generating token number 881
Generating token number 882
Generating token number 883
Generating token number 884
Generating token number 885
Generating token number 886
Generating token number 887
Generating token number 888
Generating token number 889
Generating token number 890
Generating token number 891
Generating token number 892
Generating token number 893
Generating token number 894
Generating token number 895
Generating token number 896
Generating token number 897
Generating token number 898
Generating token number 899
Generating token number 900
Generating token number 901
Generating token number 902
Generating token number 903
Generating token number 904
Generating token number 905
Generating token number 906
Generating token number 907
Generating token number 908
Generating token number 909
Generating token number 910
Generating token number 911
Generating token number 912
Generating token number 913
Generating token number 914
Generating token number 915
Generating token number 916
Generating token number 917
Generating token number 918
Generating token number 919
Generating token number 920
Generating token number 921
Generating token number 922
Generating token number 923
Generating token number 924
Generating token number 925
Generating token number 926
Generating token number 927
Generating token number 928
Generating token number 929
Generating token number 930
Generating token number 931
Generating token number 932
Generating token number 933
Generating token number 934
Generating token number 935
Generating token number 936
Generating token number 937
Generating token number 938
Generating token number 939
Generating token number 940
Generating token number 941
Generating token number 942
Generating token number 943
Generating token number 944
Generating token number 945
Generating token number 946
Generating token number 947
Generating token number 948
Generating token number 949
Generating token number 950
Generating token number 951
Generating token number 952
Generating token number 953
Generating token number 954
Generating token number 955
Generating token number 956
Generating token number 957
Generating token number 958
Generating token number 959
Generating token number 960
Generating token number 961
Generating token number 962
Generating token number 963
Generating token number 964
Generating token number 965
Generating token number 966
Generating token number 967
Generating token number 968
Generating token number 969
Generating token number 970
Generating token number 971
Generating token number 972
Generating token number 973
Generating token number 974
Generating token number 975
Generating token number 976
Generating token number 977
Generating token number 978
Generating token number 979
Generating token number 980
Generating token number 981
Generating token number 982
Generating token number 983
Generating token number 984
Generating token number 985
Generating token number 986
Generating token number 987
Generating token number 988
Generating token number 989
Generating token number 990
Generating token number 991
Generating token number 992
Generating token number 993
Generating token number 994
Generating token number 995
Generating token number 996
Generating token number 997
Generating token number 998
Generating token number 999
Composition of length 1000 saved as 'long_piano_composition.midi'
Script execution completed.
