Logging initialized. Log file: logs/training_20241007_112339.log
Using device: cpu
Loading trained model...
Error loading pre-trained model: Error(s) in loading state_dict for Composer:
	size mismatch for embedding.weight: copying a param with shape torch.Size([382, 256]) from checkpoint, the shape in current model is torch.Size([374, 256]).
	size mismatch for linear_out.weight: copying a param with shape torch.Size([382, 256]) from checkpoint, the shape in current model is torch.Size([374, 256]).
	size mismatch for linear_out.bias: copying a param with shape torch.Size([382]) from checkpoint, the shape in current model is torch.Size([374]).
Initializing with random weights instead.
Composer initialized with vocab_size=374, d_model=256, n_head=8, dim_ff=512, num_layers=6
Generating composition of length 2000...
Generating token number 1
Generating token number 2
Generating token number 3
Generating token number 4
Generating token number 5
Generating token number 6
Generating token number 7
Generating token number 8
Generating token number 9
Generating token number 10
Generating token number 11
Generating token number 12
Generating token number 13
Generating token number 14
Generating token number 15
Generating token number 16
Generating token number 17
Generating token number 18
Generating token number 19
Generating token number 20
Generating token number 21
Generating token number 22
Generating token number 23
Generating token number 24
Generating token number 25
Generating token number 26
Generating token number 27
Generating token number 28
Generating token number 29
Generating token number 30
Generating token number 31
Generating token number 32
Generating token number 33
Generating token number 34
Generating token number 35
Generating token number 36
Generating token number 37
Generating token number 38
Generating token number 39
Generating token number 40
Generating token number 41
Generating token number 42
Generating token number 43
Generating token number 44
Generating token number 45
Generating token number 46
Generating token number 47
Generating token number 48
Generating token number 49
Generating token number 50
Generating token number 51
Generating token number 52
Generating token number 53
Generating token number 54
Generating token number 55
Generating token number 56
Generating token number 57
Generating token number 58
Generating token number 59
Generating token number 60
Generating token number 61
Generating token number 62
Generating token number 63
Generating token number 64
Generating token number 65
Generating token number 66
Generating token number 67
Generating token number 68
Generating token number 69
Generating token number 70
Generating token number 71
Generating token number 72
Generating token number 73
Generating token number 74
Generating token number 75
Generating token number 76
Generating token number 77
Generating token number 78
Generating token number 79
Generating token number 80
Generating token number 81
Generating token number 82
Generating token number 83
Generating token number 84
Generating token number 85
Generating token number 86
Generating token number 87
Generating token number 88
Generating token number 89
Generating token number 90
Generating token number 91
Generating token number 92
Generating token number 93
Generating token number 94
Generating token number 95
Generating token number 96
Generating token number 97
Generating token number 98
Generating token number 99
Generating token number 100
Generating token number 101
Generating token number 102
Generating token number 103
Generating token number 104
Generating token number 105
Generating token number 106
Generating token number 107
Generating token number 108
Generating token number 109
Generating token number 110
Generating token number 111
Generating token number 112
Generating token number 113
Generating token number 114
Generating token number 115
Generating token number 116
Generating token number 117
Generating token number 118
Generating token number 119
Generating token number 120
Generating token number 121
Generating token number 122
Generating token number 123
Generating token number 124
Generating token number 125
Generating token number 126
Generating token number 127
Generating token number 128
Generating token number 129
Generating token number 130
Generating token number 131
Generating token number 132
Generating token number 133
Generating token number 134
Generating token number 135
Generating token number 136
Generating token number 137
Generating token number 138
Generating token number 139
Generating token number 140
Generating token number 141
Generating token number 142
Generating token number 143
Generating token number 144
Generating token number 145
Generating token number 146
Generating token number 147
Generating token number 148
Generating token number 149
Generating token number 150
Generating token number 151
Generating token number 152
Generating token number 153
Generating token number 154
Generating token number 155
Generating token number 156
Generating token number 157
Generating token number 158
Generating token number 159
Generating token number 160
Generating token number 161
Generating token number 162
Generating token number 163
Generating token number 164
Generating token number 165
Generating token number 166
Generating token number 167
Generating token number 168
Generating token number 169
Generating token number 170
Generating token number 171
Generating token number 172
Generating token number 173
Generating token number 174
Generating token number 175
Generating token number 176
Generating token number 177
Generating token number 178
Generating token number 179
Generating token number 180
Generating token number 181
Generating token number 182
Generating token number 183
Generating token number 184
Generating token number 185
Generating token number 186
Generating token number 187
Generating token number 188
