Logging initialized. Log file: logs/training_20241003_021606.log
Using device: cpu
Loading trained model...
Loaded pre-trained model from epoch 300 with loss 1.3981533074724501
Composer initialized with vocab_size=382, d_model=256, n_head=8, dim_ff=512, num_layers=6
Generating token number 1
Generating token number 2
Generating token number 3
Generating token number 4
Generating token number 5
Generating token number 6
Generating token number 7
Generating token number 8
Generating token number 9
Generating token number 10
Generating token number 11
Generating token number 12
Generating token number 13
Generating token number 14
Generating token number 15
Generating token number 16
Generating token number 17
Generating token number 18
Generating token number 19
Generating token number 20
Generating token number 21
Generating token number 22
Generating token number 23
Generating token number 24
Generating token number 25
Generating token number 26
Generating token number 27
Generating token number 28
Generating token number 29
Generating token number 30
Generating token number 31
Generating token number 32
Generating token number 33
Generating token number 34
Generating token number 35
Generating token number 36
Generating token number 37
Generating token number 38
Generating token number 39
Generating token number 40
Generating token number 41
Generating token number 42
Generating token number 43
Generating token number 44
Generating token number 45
Generating token number 46
Generating token number 47
Generating token number 48
Generating token number 49
Generating token number 50
Generating token number 51
Generating token number 52
Generating token number 53
Generating token number 54
Generating token number 55
Generating token number 56
Generating token number 57
Generating token number 58
Generating token number 59
Generating token number 60
Generating token number 61
Generating token number 62
Generating token number 63
Generating token number 64
Generating token number 65
Generating token number 66
Generating token number 67
Generating token number 68
Generating token number 69
Generating token number 70
Generating token number 71
Generating token number 72
Generating token number 73
Generating token number 74
Generating token number 75
Generating token number 76
Generating token number 77
Generating token number 78
Generating token number 79
Generating token number 80
Generating token number 81
Generating token number 82
Generating token number 83
Generating token number 84
Generating token number 85
Generating token number 86
Generating token number 87
Generating token number 88
Generating token number 89
Generating token number 90
Generating token number 91
Generating token number 92
Generating token number 93
Generating token number 94
Generating token number 95
Generating token number 96
Generating token number 97
Generating token number 98
Generating token number 99
Generating token number 100
Generating token number 101
Generating token number 102
Generating token number 103
Generating token number 104
Generating token number 105
Generating token number 106
Generating token number 107
Generating token number 108
Generating token number 109
Generating token number 110
Generating token number 111
Generating token number 112
Generating token number 113
Generating token number 114
Generating token number 115
Generating token number 116
Generating token number 117
Generating token number 118
Generating token number 119
Generating token number 120
Generating token number 121
Generating token number 122
Generating token number 123
Generating token number 124
Generating token number 125
Generating token number 126
Generating token number 127
Generating token number 128
Generating token number 129
Generating token number 130
Generating token number 131
Generating token number 132
Generating token number 133
Generating token number 134
Generating token number 135
Generating token number 136
Generating token number 137
Generating token number 138
Generating token number 139
Generating token number 140
Generating token number 141
Generating token number 142
Generating token number 143
Generating token number 144
Generating token number 145
Generating token number 146
Generating token number 147
Generating token number 148
Generating token number 149
Generating token number 150
Generating token number 151
Generating token number 152
Generating token number 153
Generating token number 154
Generating token number 155
Generating token number 156
Generating token number 157
Generating token number 158
Generating token number 159
Generating token number 160
Generating token number 161
Generating token number 162
Generating token number 163
Generating token number 164
Generating token number 165
Generating token number 166
Generating token number 167
Generating token number 168
Generating token number 169
Generating token number 170
Generating token number 171
Generating token number 172
Generating token number 173
Generating token number 174
Generating token number 175
Generating token number 176
Generating token number 177
Generating token number 178
Generating token number 179
Generating token number 180
Generating token number 181
Generating token number 182
Generating token number 183
Generating token number 184
Generating token number 185
Generating token number 186
Generating token number 187
Generating token number 188
Generating token number 189
Generating token number 190
Generating token number 191
Generating token number 192
Generating token number 193
Generating token number 194
Generating token number 195
Generating token number 196
Generating token number 197
Generating token number 198
Generating token number 199
Generating token number 200
Generating token number 201
Generating token number 202
Generating token number 203
Generating token number 204
Generating token number 205
Generating token number 206
Generating token number 207
Generating token number 208
Generating token number 209
Generating token number 210
Generating token number 211
Generating token number 212
Generating token number 213
Generating token number 214
Generating token number 215
Generating token number 216
Generating token number 217
Generating token number 218
Generating token number 219
Generating token number 220
Generating token number 221
Generating token number 222
Generating token number 223
Generating token number 224
Generating token number 225
Generating token number 226
Generating token number 227
Generating token number 228
Generating token number 229
Generating token number 230
Generating token number 231
Generating token number 232
Generating token number 233
Generating token number 234
Generating token number 235
Generating token number 236
Generating token number 237
Generating token number 238
Generating token number 239
Generating token number 240
Generating token number 241
Generating token number 242
Generating token number 243
Generating token number 244
Generating token number 245
Generating token number 246
Generating token number 247
Generating token number 248
Generating token number 249
Generating token number 250
Generating token number 251
Generating token number 252
Generating token number 253
Generating token number 254
Generating token number 255
Generating token number 256
Generating token number 257
Generating token number 258
Generating token number 259
Generating token number 260
Generating token number 261
Generating token number 262
Generating token number 263
Generating token number 264
Generating token number 265
Generating token number 266
Generating token number 267
Generating token number 268
Generating token number 269
Generating token number 270
Generating token number 271
Generating token number 272
Generating token number 273
Generating token number 274
Generating token number 275
Generating token number 276
Generating token number 277
Generating token number 278
Generating token number 279
Generating token number 280
Generating token number 281
Generating token number 282
Generating token number 283
Generating token number 284
Generating token number 285
Generating token number 286
Generating token number 287
Generating token number 288
Generating token number 289
Generating token number 290
Generating token number 291
Generating token number 292
Generating token number 293
Generating token number 294
Generating token number 295
Generating token number 296
Generating token number 297
Generating token number 298
Generating token number 299
Composition of length 300 saved as 'long_piano_composition.midi'
Script execution completed.
